<?xml version="1.0" encoding="UTF-8"?>
<testsuite xmlns:xsi="http://www.w3.org/2001/XMLSchema-instance" xsi:noNamespaceSchemaLocation="https://maven.apache.org/surefire/maven-surefire-plugin/xsd/surefire-test-report.xsd" version="3.0.2" name="wacky.storagesign.item.PotionHelperTest" time="0.228" tests="3" errors="0" skipped="0" failures="0">
  <properties>
[...]
</properties>
  <testcase name="resolvesGenericNormalPotionWithoutMatchingLongOrStrongVariants" classname="wacky.storagesign.item.PotionHelperTest" time="0.103"/>
  <testcase name="preservesSpecialCasePotionMappings" classname="wacky.storagesign.item.PotionHelperTest" time="0.004"/>
  <testcase name="resolvesGenericExtendedAndStrongPotionVariantsByEnhanceCode" classname="wacky.storagesign.item.PotionHelperTest" time="0.006"/>
</testsuite>